[ 2017-05-28T12:37:59+08:00 ] 10.8.145.150 /TTT/index.php/User/Login.html
INFO: [ app_init ] --START--
INFO: Run Behavior\BuildLiteBehavior [ RunTime:0.000056s ]
INFO: [ app_init ] --END-- [ RunTime:0.019858s ]
INFO: [ app_begin ] --START--
INFO: Run Behavior\ReadHtmlCacheBehavior [ RunTime:0.028762s ]
INFO: [ app_begin ] --END-- [ RunTime:0.029072s ]
NOTIC: [2] Missing argument 1 for Think\Controller::show(), called in D:\WWW\TTT\MovieSite\User\Controller\LoginController.class.php on line 11 and defined D:\WWW\TTT\ThinkPHP\Library\Think\Controller.class.php 第 68 行.
NOTIC: [8] Undefined variable: content D:\WWW\TTT\ThinkPHP\Library\Think\Controller.class.php 第 69 行.
INFO: [ view_parse ] --START--
INFO: [ template_filter ] --START--
INFO: Run Behavior\ContentReplaceBehavior [ RunTime:0.001328s ]
INFO: [ template_filter ] --END-- [ RunTime:0.001620s ]
INFO: Run Behavior\ParseTemplateBehavior [ RunTime:0.214043s ]
INFO: [ view_parse ] --END-- [ RunTime:0.214335s ]
INFO: [ view_filter ] --START--
INFO: Run Behavior\WriteHtmlCacheBehavior [ RunTime:0.020620s ]
INFO: [ view_filter ] --END-- [ RunTime:0.020873s ]
INFO: [ app_end ] --START--
INFO: Run Behavior\ShowPageTraceBehavior [ RunTime:0.014344s ]
INFO: [ app_end ] --END-- [ RunTime:0.014591s ]

[ 2017-05-28T12:38:09+08:00 ] 10.8.145.150 /TTT/index.php/User/Login/login
INFO: [ app_init ] --START--
INFO: Run Behavior\BuildLiteBehavior [ RunTime:0.000052s ]
INFO: [ app_init ] --END-- [ RunTime:0.000930s ]
INFO: [ app_begin ] --START--
INFO: Run Behavior\ReadHtmlCacheBehavior [ RunTime:0.001168s ]
INFO: [ app_begin ] --END-- [ RunTime:0.001387s ]
SQL: SHOW COLUMNS FROM `t_mail` [ RunTime:0.0243s ]
SQL: SHOW COLUMNS FROM `t_user` [ RunTime:0.0173s ]
SQL: SELECT `uid` FROM `t_mail` WHERE `umail` = 'imryss@qq.com' LIMIT 1   [ RunTime:0.0029s ]
SQL: SELECT `uid` FROM `t_user` WHERE `umail_id` = 1 LIMIT 1   [ RunTime:0.0004s ]
SQL: SELECT `password` FROM `t_user` WHERE `uid` = 1 LIMIT 1   [ RunTime:0.0003s ]
SQL: UPDATE `t_user` SET `session_key`='af7e27f1c02c9190b0ec0a730d3cf9e2' WHERE `uid` = 1 [ RunTime:0.0019s ]

[ 2017-05-28T13:16:48+08:00 ] 10.8.145.206 /TTT/index.php/User/Reg.html
INFO: [ app_init ] --START--
INFO: Run Behavior\BuildLiteBehavior [ RunTime:0.000057s ]
INFO: [ app_init ] --END-- [ RunTime:0.000949s ]
INFO: [ app_begin ] --START--
INFO: Run Behavior\ReadHtmlCacheBehavior [ RunTime:0.001086s ]
INFO: [ app_begin ] --END-- [ RunTime:0.001362s ]
NOTIC: [2] Missing argument 1 for Think\Controller::show(), called in D:\WWW\TTT\MovieSite\User\Controller\RegController.class.php on line 11 and defined D:\WWW\TTT\ThinkPHP\Library\Think\Controller.class.php 第 68 行.
NOTIC: [8] Undefined variable: content D:\WWW\TTT\ThinkPHP\Library\Think\Controller.class.php 第 69 行.
INFO: [ view_parse ] --START--
INFO: [ template_filter ] --START--
INFO: Run Behavior\ContentReplaceBehavior [ RunTime:0.000083s ]
INFO: [ template_filter ] --END-- [ RunTime:0.000241s ]
INFO: Run Behavior\ParseTemplateBehavior [ RunTime:0.154322s ]
INFO: [ view_parse ] --END-- [ RunTime:0.154550s ]
INFO: [ view_filter ] --START--
INFO: Run Behavior\WriteHtmlCacheBehavior [ RunTime:0.015845s ]
INFO: [ view_filter ] --END-- [ RunTime:0.015980s ]
INFO: [ app_end ] --START--
INFO: Run Behavior\ShowPageTraceBehavior [ RunTime:0.012386s ]
INFO: [ app_end ] --END-- [ RunTime:0.012535s ]

[ 2017-05-28T13:17:21+08:00 ] 10.8.145.206 /TTT/index.php/User/Login/login
INFO: [ app_init ] --START--
INFO: Run Behavior\BuildLiteBehavior [ RunTime:0.000028s ]
INFO: [ app_init ] --END-- [ RunTime:0.000563s ]
INFO: [ app_begin ] --START--
INFO: Run Behavior\ReadHtmlCacheBehavior [ RunTime:0.002080s ]
INFO: [ app_begin ] --END-- [ RunTime:0.002372s ]
SQL: SHOW COLUMNS FROM `t_mail` [ RunTime:0.0012s ]
SQL: SHOW COLUMNS FROM `t_user` [ RunTime:0.0009s ]
SQL: SELECT `uid` FROM `t_mail` WHERE `umail` = 'imryss@qq.com' LIMIT 1   [ RunTime:0.0003s ]
SQL: SELECT `uid` FROM `t_user` WHERE `umail_id` = 1 LIMIT 1   [ RunTime:0.0002s ]
SQL: SELECT `password` FROM `t_user` WHERE `uid` = 1 LIMIT 1   [ RunTime:0.0003s ]
SQL: UPDATE `t_user` SET `session_key`='ca4da17188e3d39c0f7a9a51bf8a706a' WHERE `uid` = 1 [ RunTime:0.0003s ]

[ 2017-05-28T14:07:33+08:00 ] 10.8.145.206 /TTT/index.php/User/Login/logout
INFO: [ app_init ] --START--
INFO: Run Behavior\BuildLiteBehavior [ RunTime:0.000026s ]
INFO: [ app_init ] --END-- [ RunTime:0.000712s ]
INFO: [ app_begin ] --START--
INFO: Run Behavior\ReadHtmlCacheBehavior [ RunTime:0.000541s ]
INFO: [ app_begin ] --END-- [ RunTime:0.000656s ]

[ 2017-05-28T14:07:34+08:00 ] 10.8.145.206 /TTT/index.php/User/Login/index.html
INFO: [ app_init ] --START--
INFO: Run Behavior\BuildLiteBehavior [ RunTime:0.000027s ]
INFO: [ app_init ] --END-- [ RunTime:0.000479s ]
INFO: [ app_begin ] --START--
INFO: Run Behavior\ReadHtmlCacheBehavior [ RunTime:0.000551s ]
INFO: [ app_begin ] --END-- [ RunTime:0.000690s ]
NOTIC: [2] Missing argument 1 for Think\Controller::show(), called in D:\WWW\TTT\MovieSite\User\Controller\LoginController.class.php on line 11 and defined D:\WWW\TTT\ThinkPHP\Library\Think\Controller.class.php 第 68 行.
NOTIC: [8] Undefined variable: content D:\WWW\TTT\ThinkPHP\Library\Think\Controller.class.php 第 69 行.
INFO: [ view_parse ] --START--
INFO: [ template_filter ] --START--
INFO: Run Behavior\ContentReplaceBehavior [ RunTime:0.000102s ]
INFO: [ template_filter ] --END-- [ RunTime:0.000234s ]
INFO: Run Behavior\ParseTemplateBehavior [ RunTime:0.022173s ]
INFO: [ view_parse ] --END-- [ RunTime:0.022349s ]
INFO: [ view_filter ] --START--
INFO: Run Behavior\WriteHtmlCacheBehavior [ RunTime:0.000300s ]
INFO: [ view_filter ] --END-- [ RunTime:0.000414s ]
INFO: [ app_end ] --START--
INFO: Run Behavior\ShowPageTraceBehavior [ RunTime:0.000514s ]
INFO: [ app_end ] --END-- [ RunTime:0.000631s ]

[ 2017-05-28T14:07:57+08:00 ] 10.8.145.206 /TTT/index.php/User/Vertify/get_mail_vertify
INFO: [ app_init ] --START--
INFO: Run Behavior\BuildLiteBehavior [ RunTime:0.000028s ]
INFO: [ app_init ] --END-- [ RunTime:0.000545s ]
INFO: [ app_begin ] --START--
INFO: Run Behavior\ReadHtmlCacheBehavior [ RunTime:0.000781s ]
INFO: [ app_begin ] --END-- [ RunTime:0.000925s ]
SQL: SHOW COLUMNS FROM `t_mail` [ RunTime:0.0010s ]
NOTIC: [2] Missing argument 2 for User\Model\VertifyModel::is_mail_bind_user(), called in D:\WWW\TTT\MovieSite\User\Controller\VertifyController.class.php on line 40 and defined D:\WWW\TTT\MovieSite\User\Model\VertifyModel.class.php 第 98 行.
SQL: SELECT COUNT(*) AS tp_count FROM `t_mail` INNER JOIN t_user on t_mail.uid = t_user.umail_id  WHERE `umail` = '1dsadasdasd' LIMIT 1   [ RunTime:0.0004s ]
SQL: SELECT `last_request_time` FROM `t_mail` WHERE `umail` = '1dsadasdasd' LIMIT 1   [ RunTime:0.0003s ]

[ 2017-05-28T14:07:58+08:00 ] 10.8.145.206 /TTT/index.php/User/Vertify/get_mail_vertify
INFO: [ app_init ] --START--
INFO: Run Behavior\BuildLiteBehavior [ RunTime:0.000036s ]
INFO: [ app_init ] --END-- [ RunTime:0.000783s ]
INFO: [ app_begin ] --START--
INFO: Run Behavior\ReadHtmlCacheBehavior [ RunTime:0.000508s ]
INFO: [ app_begin ] --END-- [ RunTime:0.000625s ]
SQL: SHOW COLUMNS FROM `t_mail` [ RunTime:0.0011s ]
NOTIC: [2] Missing argument 2 for User\Model\VertifyModel::is_mail_bind_user(), called in D:\WWW\TTT\MovieSite\User\Controller\VertifyController.class.php on line 40 and defined D:\WWW\TTT\MovieSite\User\Model\VertifyModel.class.php 第 98 行.
SQL: SELECT COUNT(*) AS tp_count FROM `t_mail` INNER JOIN t_user on t_mail.uid = t_user.umail_id  WHERE `umail` = '1dsadasdasd' LIMIT 1   [ RunTime:0.0003s ]
SQL: SELECT `last_request_time` FROM `t_mail` WHERE `umail` = '1dsadasdasd' LIMIT 1   [ RunTime:0.0002s ]

[ 2017-05-28T14:07:59+08:00 ] 10.8.145.206 /TTT/index.php/User/Vertify/get_mail_vertify
INFO: [ app_init ] --START--
INFO: Run Behavior\BuildLiteBehavior [ RunTime:0.000034s ]
INFO: [ app_init ] --END-- [ RunTime:0.000727s ]
INFO: [ app_begin ] --START--
INFO: Run Behavior\ReadHtmlCacheBehavior [ RunTime:0.000713s ]
INFO: [ app_begin ] --END-- [ RunTime:0.000828s ]
SQL: SHOW COLUMNS FROM `t_mail` [ RunTime:0.0011s ]
NOTIC: [2] Missing argument 2 for User\Model\VertifyModel::is_mail_bind_user(), called in D:\WWW\TTT\MovieSite\User\Controller\VertifyController.class.php on line 40 and defined D:\WWW\TTT\MovieSite\User\Model\VertifyModel.class.php 第 98 行.
SQL: SELECT COUNT(*) AS tp_count FROM `t_mail` INNER JOIN t_user on t_mail.uid = t_user.umail_id  WHERE `umail` = '1dsadasdasd' LIMIT 1   [ RunTime:0.0005s ]
SQL: SELECT `last_request_time` FROM `t_mail` WHERE `umail` = '1dsadasdasd' LIMIT 1   [ RunTime:0.0003s ]

[ 2017-05-28T14:07:59+08:00 ] 10.8.145.206 /TTT/index.php/User/Vertify/get_mail_vertify
INFO: [ app_init ] --START--
INFO: Run Behavior\BuildLiteBehavior [ RunTime:0.000026s ]
INFO: [ app_init ] --END-- [ RunTime:0.000553s ]
INFO: [ app_begin ] --START--
INFO: Run Behavior\ReadHtmlCacheBehavior [ RunTime:0.000720s ]
INFO: [ app_begin ] --END-- [ RunTime:0.000873s ]
SQL: SHOW COLUMNS FROM `t_mail` [ RunTime:0.0014s ]
NOTIC: [2] Missing argument 2 for User\Model\VertifyModel::is_mail_bind_user(), called in D:\WWW\TTT\MovieSite\User\Controller\VertifyController.class.php on line 40 and defined D:\WWW\TTT\MovieSite\User\Model\VertifyModel.class.php 第 98 行.
SQL: SELECT COUNT(*) AS tp_count FROM `t_mail` INNER JOIN t_user on t_mail.uid = t_user.umail_id  WHERE `umail` = '1dsadasdasd' LIMIT 1   [ RunTime:0.0011s ]
SQL: SELECT `last_request_time` FROM `t_mail` WHERE `umail` = '1dsadasdasd' LIMIT 1   [ RunTime:0.0005s ]

[ 2017-05-28T14:08:01+08:00 ] 10.8.145.206 /TTT/index.php/User/Vertify/get_mail_vertify
INFO: [ app_init ] --START--
INFO: Run Behavior\BuildLiteBehavior [ RunTime:0.000027s ]
INFO: [ app_init ] --END-- [ RunTime:0.000454s ]
INFO: [ app_begin ] --START--
INFO: Run Behavior\ReadHtmlCacheBehavior [ RunTime:0.000467s ]
INFO: [ app_begin ] --END-- [ RunTime:0.000589s ]
SQL: SHOW COLUMNS FROM `t_mail` [ RunTime:0.0013s ]
NOTIC: [2] Missing argument 2 for User\Model\VertifyModel::is_mail_bind_user(), called in D:\WWW\TTT\MovieSite\User\Controller\VertifyController.class.php on line 40 and defined D:\WWW\TTT\MovieSite\User\Model\VertifyModel.class.php 第 98 行.
SQL: SELECT COUNT(*) AS tp_count FROM `t_mail` INNER JOIN t_user on t_mail.uid = t_user.umail_id  WHERE `umail` = '1dsadasdasd' LIMIT 1   [ RunTime:0.0006s ]
SQL: SELECT `last_request_time` FROM `t_mail` WHERE `umail` = '1dsadasdasd' LIMIT 1   [ RunTime:0.0002s ]

[ 2017-05-28T14:08:01+08:00 ] 10.8.145.206 /TTT/index.php/User/Vertify/get_mail_vertify
INFO: [ app_init ] --START--
INFO: Run Behavior\BuildLiteBehavior [ RunTime:0.000031s ]
INFO: [ app_init ] --END-- [ RunTime:0.000562s ]
INFO: [ app_begin ] --START--
INFO: Run Behavior\ReadHtmlCacheBehavior [ RunTime:0.000784s ]
INFO: [ app_begin ] --END-- [ RunTime:0.000905s ]
SQL: SHOW COLUMNS FROM `t_mail` [ RunTime:0.0010s ]
NOTIC: [2] Missing argument 2 for User\Model\VertifyModel::is_mail_bind_user(), called in D:\WWW\TTT\MovieSite\User\Controller\VertifyController.class.php on line 40 and defined D:\WWW\TTT\MovieSite\User\Model\VertifyModel.class.php 第 98 行.
SQL: SELECT COUNT(*) AS tp_count FROM `t_mail` INNER JOIN t_user on t_mail.uid = t_user.umail_id  WHERE `umail` = '1dsadasdasd' LIMIT 1   [ RunTime:0.0003s ]
SQL: SELECT `last_request_time` FROM `t_mail` WHERE `umail` = '1dsadasdasd' LIMIT 1   [ RunTime:0.0002s ]

[ 2017-05-28T14:08:01+08:00 ] 10.8.145.206 /TTT/index.php/User/Vertify/get_mail_vertify
INFO: [ app_init ] --START--
INFO: Run Behavior\BuildLiteBehavior [ RunTime:0.000028s ]
INFO: [ app_init ] --END-- [ RunTime:0.000642s ]
INFO: [ app_begin ] --START--
INFO: Run Behavior\ReadHtmlCacheBehavior [ RunTime:0.000511s ]
INFO: [ app_begin ] --END-- [ RunTime:0.000659s ]
SQL: SHOW COLUMNS FROM `t_mail` [ RunTime:0.0010s ]
NOTIC: [2] Missing argument 2 for User\Model\VertifyModel::is_mail_bind_user(), called in D:\WWW\TTT\MovieSite\User\Controller\VertifyController.class.php on line 40 and defined D:\WWW\TTT\MovieSite\User\Model\VertifyModel.class.php 第 98 行.
SQL: SELECT COUNT(*) AS tp_count FROM `t_mail` INNER JOIN t_user on t_mail.uid = t_user.umail_id  WHERE `umail` = '1dsadasdasd' LIMIT 1   [ RunTime:0.0006s ]
SQL: SELECT `last_request_time` FROM `t_mail` WHERE `umail` = '1dsadasdasd' LIMIT 1   [ RunTime:0.0002s ]

[ 2017-05-28T14:08:12+08:00 ] 10.8.145.206 /TTT/index.php/User/Vertify/get_mail_vertify
INFO: [ app_init ] --START--
INFO: Run Behavior\BuildLiteBehavior [ RunTime:0.000055s ]
INFO: [ app_init ] --END-- [ RunTime:0.000521s ]
INFO: [ app_begin ] --START--
INFO: Run Behavior\ReadHtmlCacheBehavior [ RunTime:0.000450s ]
INFO: [ app_begin ] --END-- [ RunTime:0.000628s ]
SQL: SHOW COLUMNS FROM `t_mail` [ RunTime:0.0013s ]
NOTIC: [2] Missing argument 2 for User\Model\VertifyModel::is_mail_bind_user(), called in D:\WWW\TTT\MovieSite\User\Controller\VertifyController.class.php on line 40 and defined D:\WWW\TTT\MovieSite\User\Model\VertifyModel.class.php 第 98 行.
SQL: SELECT COUNT(*) AS tp_count FROM `t_mail` INNER JOIN t_user on t_mail.uid = t_user.umail_id  WHERE `umail` = '515186087@qq.com' LIMIT 1   [ RunTime:0.0004s ]
SQL: SELECT `last_request_time` FROM `t_mail` WHERE `umail` = '515186087@qq.com' LIMIT 1   [ RunTime:0.0002s ]
SQL: SELECT COUNT(*) AS tp_count FROM `t_mail` WHERE `umail` = '515186087@qq.com' LIMIT 1   [ RunTime:0.0003s ]
SQL: INSERT INTO `t_mail` (`umail`,`vertify_code`,`last_request_time`) VALUES ('515186087@qq.com','761459','2017-05-28 14:08:12') [ RunTime:0.0003s ]

[ 2017-05-28T14:09:03+08:00 ] 10.8.145.206 /TTT/index.php/User/Reg.html
INFO: [ app_init ] --START--
INFO: Run Behavior\BuildLiteBehavior [ RunTime:0.000050s ]
INFO: [ app_init ] --END-- [ RunTime:0.000809s ]
INFO: [ app_begin ] --START--
INFO: Run Behavior\ReadHtmlCacheBehavior [ RunTime:0.002301s ]
INFO: [ app_begin ] --END-- [ RunTime:0.003865s ]
NOTIC: [2] Missing argument 1 for Think\Controller::show(), called in D:\WWW\TTT\MovieSite\User\Controller\RegController.class.php on line 11 and defined D:\WWW\TTT\ThinkPHP\Library\Think\Controller.class.php 第 68 行.
NOTIC: [8] Undefined variable: content D:\WWW\TTT\ThinkPHP\Library\Think\Controller.class.php 第 69 行.
INFO: [ view_parse ] --START--
INFO: [ template_filter ] --START--
INFO: Run Behavior\ContentReplaceBehavior [ RunTime:0.000094s ]
INFO: [ template_filter ] --END-- [ RunTime:0.000249s ]
INFO: Run Behavior\ParseTemplateBehavior [ RunTime:0.014243s ]
INFO: [ view_parse ] --END-- [ RunTime:0.014528s ]
INFO: [ view_filter ] --START--
INFO: Run Behavior\WriteHtmlCacheBehavior [ RunTime:0.000663s ]
INFO: [ view_filter ] --END-- [ RunTime:0.000852s ]
INFO: [ app_end ] --START--
INFO: Run Behavior\ShowPageTraceBehavior [ RunTime:0.000916s ]
INFO: [ app_end ] --END-- [ RunTime:0.001067s ]

[ 2017-05-28T14:16:08+08:00 ] 10.8.145.150 /TTT/index.php/User/Reg.html
INFO: [ app_init ] --START--
INFO: Run Behavior\BuildLiteBehavior [ RunTime:0.000032s ]
INFO: [ app_init ] --END-- [ RunTime:0.000618s ]
INFO: [ app_begin ] --START--
INFO: Run Behavior\ReadHtmlCacheBehavior [ RunTime:0.001124s ]
INFO: [ app_begin ] --END-- [ RunTime:0.001308s ]
NOTIC: [2] Missing argument 1 for Think\Controller::show(), called in D:\WWW\TTT\MovieSite\User\Controller\RegController.class.php on line 11 and defined D:\WWW\TTT\ThinkPHP\Library\Think\Controller.class.php 第 68 行.
NOTIC: [8] Undefined variable: content D:\WWW\TTT\ThinkPHP\Library\Think\Controller.class.php 第 69 行.
INFO: [ view_parse ] --START--
INFO: [ template_filter ] --START--
INFO: Run Behavior\ContentReplaceBehavior [ RunTime:0.000181s ]
INFO: [ template_filter ] --END-- [ RunTime:0.000473s ]
INFO: Run Behavior\ParseTemplateBehavior [ RunTime:0.019552s ]
INFO: [ view_parse ] --END-- [ RunTime:0.019841s ]
INFO: [ view_filter ] --START--
INFO: Run Behavior\WriteHtmlCacheBehavior [ RunTime:0.001634s ]
INFO: [ view_filter ] --END-- [ RunTime:0.002126s ]
INFO: [ app_end ] --START--
INFO: Run Behavior\ShowPageTraceBehavior [ RunTime:0.001797s ]
INFO: [ app_end ] --END-- [ RunTime:0.002062s ]

[ 2017-05-28T14:16:29+08:00 ] 10.8.145.150 /TTT/index.php/User/Reg.html
INFO: [ app_init ] --START--
INFO: Run Behavior\BuildLiteBehavior [ RunTime:0.000093s ]
INFO: [ app_init ] --END-- [ RunTime:0.001831s ]
INFO: [ app_begin ] --START--
INFO: Run Behavior\ReadHtmlCacheBehavior [ RunTime:0.001963s ]
INFO: [ app_begin ] --END-- [ RunTime:0.002230s ]
NOTIC: [2] Missing argument 1 for Think\Controller::show(), called in D:\WWW\TTT\MovieSite\User\Controller\RegController.class.php on line 11 and defined D:\WWW\TTT\ThinkPHP\Library\Think\Controller.class.php 第 68 行.
NOTIC: [8] Undefined variable: content D:\WWW\TTT\ThinkPHP\Library\Think\Controller.class.php 第 69 行.
INFO: [ view_parse ] --START--
INFO: [ template_filter ] --START--
INFO: Run Behavior\ContentReplaceBehavior [ RunTime:0.000107s ]
INFO: [ template_filter ] --END-- [ RunTime:0.000298s ]
INFO: Run Behavior\ParseTemplateBehavior [ RunTime:0.013843s ]
INFO: [ view_parse ] --END-- [ RunTime:0.014062s ]
INFO: [ view_filter ] --START--
INFO: Run Behavior\WriteHtmlCacheBehavior [ RunTime:0.001710s ]
INFO: [ view_filter ] --END-- [ RunTime:0.001924s ]
INFO: [ app_end ] --START--
INFO: Run Behavior\ShowPageTraceBehavior [ RunTime:0.001428s ]
INFO: [ app_end ] --END-- [ RunTime:0.001648s ]

[ 2017-05-28T14:17:09+08:00 ] 10.8.145.150 /TTT/index.php/User/Reg.html
INFO: [ app_init ] --START--
INFO: Run Behavior\BuildLiteBehavior [ RunTime:0.000064s ]
INFO: [ app_init ] --END-- [ RunTime:0.001435s ]
INFO: [ app_begin ] --START--
INFO: Run Behavior\ReadHtmlCacheBehavior [ RunTime:0.001742s ]
INFO: [ app_begin ] --END-- [ RunTime:0.001959s ]
NOTIC: [2] Missing argument 1 for Think\Controller::show(), called in D:\WWW\TTT\MovieSite\User\Controller\RegController.class.php on line 11 and defined D:\WWW\TTT\ThinkPHP\Library\Think\Controller.class.php 第 68 行.
NOTIC: [8] Undefined variable: content D:\WWW\TTT\ThinkPHP\Library\Think\Controller.class.php 第 69 行.
INFO: [ view_parse ] --START--
INFO: [ template_filter ] --START--
INFO: Run Behavior\ContentReplaceBehavior [ RunTime:0.000098s ]
INFO: [ template_filter ] --END-- [ RunTime:0.000297s ]
INFO: Run Behavior\ParseTemplateBehavior [ RunTime:0.013826s ]
INFO: [ view_parse ] --END-- [ RunTime:0.014118s ]
INFO: [ view_filter ] --START--
INFO: Run Behavior\WriteHtmlCacheBehavior [ RunTime:0.001305s ]
INFO: [ view_filter ] --END-- [ RunTime:0.001503s ]
INFO: [ app_end ] --START--
INFO: Run Behavior\ShowPageTraceBehavior [ RunTime:0.001466s ]
INFO: [ app_end ] --END-- [ RunTime:0.001623s ]

[ 2017-05-28T14:44:18+08:00 ] 10.8.145.206 /TTT/index.php/User/Vertify/get_mail_vertify
INFO: [ app_init ] --START--
INFO: Run Behavior\BuildLiteBehavior [ RunTime:0.000028s ]
INFO: [ app_init ] --END-- [ RunTime:0.000569s ]
INFO: [ app_begin ] --START--
INFO: Run Behavior\ReadHtmlCacheBehavior [ RunTime:0.000978s ]
INFO: [ app_begin ] --END-- [ RunTime:0.001091s ]
SQL: SHOW COLUMNS FROM `t_mail` [ RunTime:0.0009s ]
NOTIC: [2] Missing argument 2 for User\Model\VertifyModel::is_mail_bind_user(), called in D:\WWW\TTT\MovieSite\User\Controller\VertifyController.class.php on line 40 and defined D:\WWW\TTT\MovieSite\User\Model\VertifyModel.class.php 第 98 行.
SQL: SELECT COUNT(*) AS tp_count FROM `t_mail` INNER JOIN t_user on t_mail.uid = t_user.umail_id  WHERE `umail` = '515186087@qq.com' LIMIT 1   [ RunTime:0.0004s ]
SQL: SELECT `last_request_time` FROM `t_mail` WHERE `umail` = '515186087@qq.com' LIMIT 1   [ RunTime:0.0002s ]
SQL: SELECT COUNT(*) AS tp_count FROM `t_mail` WHERE `umail` = '515186087@qq.com' LIMIT 1   [ RunTime:0.0003s ]
SQL: UPDATE `t_mail` SET `umail`='515186087@qq.com',`vertify_code`='327581',`last_request_time`='2017-05-28 14:44:18' WHERE `umail` = '515186087@qq.com' [ RunTime:0.0004s ]

