[ 2017-05-27T17:30:17+08:00 ] ::1 /TTT/index.php/User/Reg.html
INFO: [ app_init ] --START--
INFO: Run Behavior\BuildLiteBehavior [ RunTime:0.000028s ]
INFO: [ app_init ] --END-- [ RunTime:0.000685s ]
INFO: [ app_begin ] --START--
INFO: Run Behavior\ReadHtmlCacheBehavior [ RunTime:0.000932s ]
INFO: [ app_begin ] --END-- [ RunTime:0.001069s ]
NOTIC: [2] Missing argument 1 for Think\Controller::show(), called in D:\WWW\TTT\MovieSite\User\Controller\RegController.class.php on line 11 and defined D:\WWW\TTT\ThinkPHP\Library\Think\Controller.class.php 第 68 行.
NOTIC: [8] Undefined variable: content D:\WWW\TTT\ThinkPHP\Library\Think\Controller.class.php 第 69 行.
INFO: [ view_parse ] --START--
INFO: [ template_filter ] --START--
INFO: Run Behavior\ContentReplaceBehavior [ RunTime:0.000081s ]
INFO: [ template_filter ] --END-- [ RunTime:0.000240s ]
INFO: Run Behavior\ParseTemplateBehavior [ RunTime:0.017376s ]
INFO: [ view_parse ] --END-- [ RunTime:0.017574s ]
INFO: [ view_filter ] --START--
INFO: Run Behavior\WriteHtmlCacheBehavior [ RunTime:0.001192s ]
INFO: [ view_filter ] --END-- [ RunTime:0.001395s ]
INFO: [ app_end ] --START--
INFO: Run Behavior\ShowPageTraceBehavior [ RunTime:0.000988s ]
INFO: [ app_end ] --END-- [ RunTime:0.001147s ]

[ 2017-05-27T17:30:27+08:00 ] 10.8.145.150 /TTT/index.php/User/Login/login
INFO: [ app_init ] --START--
INFO: Run Behavior\BuildLiteBehavior [ RunTime:0.000031s ]
INFO: [ app_init ] --END-- [ RunTime:0.001046s ]
INFO: [ app_begin ] --START--
INFO: Run Behavior\ReadHtmlCacheBehavior [ RunTime:0.000991s ]
INFO: [ app_begin ] --END-- [ RunTime:0.001136s ]
SQL: SHOW COLUMNS FROM `t_mail` [ RunTime:0.0008s ]
SQL: SHOW COLUMNS FROM `t_user` [ RunTime:0.0006s ]
SQL: SELECT `uid` FROM `t_mail` WHERE `umail` = 'imryss@qq.com' LIMIT 1   [ RunTime:0.0003s ]
SQL: SELECT `uid` FROM `t_user` WHERE `umail_id` = 1 LIMIT 1   [ RunTime:0.0003s ]
SQL: SELECT `password` FROM `t_user` WHERE `uid` = 1 LIMIT 1   [ RunTime:0.0002s ]
SQL: UPDATE `t_user` SET `session_key`='2148bef2572176644c2dc9b6d556743c' WHERE `uid` = 1 [ RunTime:0.0003s ]

[ 2017-05-27T17:30:30+08:00 ] 10.8.145.150 /TTT/index.php/User/Login/login
INFO: [ app_init ] --START--
INFO: Run Behavior\BuildLiteBehavior [ RunTime:0.000027s ]
INFO: [ app_init ] --END-- [ RunTime:0.000553s ]
INFO: [ app_begin ] --START--
INFO: Run Behavior\ReadHtmlCacheBehavior [ RunTime:0.000955s ]
INFO: [ app_begin ] --END-- [ RunTime:0.001090s ]
SQL: SHOW COLUMNS FROM `t_mail` [ RunTime:0.0008s ]
SQL: SHOW COLUMNS FROM `t_user` [ RunTime:0.0007s ]
SQL: SELECT `uid` FROM `t_mail` WHERE `umail` = 'imryss@qq.com' LIMIT 1   [ RunTime:0.0003s ]
SQL: SELECT `uid` FROM `t_user` WHERE `umail_id` = 1 LIMIT 1   [ RunTime:0.0002s ]
SQL: SELECT `password` FROM `t_user` WHERE `uid` = 1 LIMIT 1   [ RunTime:0.0002s ]
SQL: UPDATE `t_user` SET `session_key`='3279ad321a85dc129feef018e5c738cf' WHERE `uid` = 1 [ RunTime:0.0003s ]

[ 2017-05-27T18:37:06+08:00 ] 10.8.145.150 /TTT/index.php/User/Login/logout
INFO: [ app_init ] --START--
INFO: Run Behavior\BuildLiteBehavior [ RunTime:0.000051s ]
INFO: [ app_init ] --END-- [ RunTime:0.000837s ]
INFO: [ app_begin ] --START--
INFO: Run Behavior\ReadHtmlCacheBehavior [ RunTime:0.001389s ]
INFO: [ app_begin ] --END-- [ RunTime:0.001577s ]

[ 2017-05-27T18:37:06+08:00 ] 10.8.145.150 /TTT/index.php/User/Login/index.html
INFO: [ app_init ] --START--
INFO: Run Behavior\BuildLiteBehavior [ RunTime:0.000034s ]
INFO: [ app_init ] --END-- [ RunTime:0.000586s ]
INFO: [ app_begin ] --START--
INFO: Run Behavior\ReadHtmlCacheBehavior [ RunTime:0.002022s ]
INFO: [ app_begin ] --END-- [ RunTime:0.002306s ]
NOTIC: [2] Missing argument 1 for Think\Controller::show(), called in D:\WWW\TTT\MovieSite\User\Controller\LoginController.class.php on line 11 and defined D:\WWW\TTT\ThinkPHP\Library\Think\Controller.class.php 第 68 行.
NOTIC: [8] Undefined variable: content D:\WWW\TTT\ThinkPHP\Library\Think\Controller.class.php 第 69 行.
INFO: [ view_parse ] --START--
INFO: [ template_filter ] --START--
INFO: Run Behavior\ContentReplaceBehavior [ RunTime:0.000146s ]
INFO: [ template_filter ] --END-- [ RunTime:0.000400s ]
INFO: Run Behavior\ParseTemplateBehavior [ RunTime:0.024094s ]
INFO: [ view_parse ] --END-- [ RunTime:0.024353s ]
INFO: [ view_filter ] --START--
INFO: Run Behavior\WriteHtmlCacheBehavior [ RunTime:0.001576s ]
INFO: [ view_filter ] --END-- [ RunTime:0.001825s ]
INFO: [ app_end ] --START--
INFO: Run Behavior\ShowPageTraceBehavior [ RunTime:0.001416s ]
INFO: [ app_end ] --END-- [ RunTime:0.001609s ]

[ 2017-05-27T18:38:15+08:00 ] 10.8.145.150 /TTT/index.php/User/Login/index.html
INFO: [ app_init ] --START--
INFO: Run Behavior\BuildLiteBehavior [ RunTime:0.000051s ]
INFO: [ app_init ] --END-- [ RunTime:0.000996s ]
INFO: [ app_begin ] --START--
INFO: Run Behavior\ReadHtmlCacheBehavior [ RunTime:0.001161s ]
INFO: [ app_begin ] --END-- [ RunTime:0.001318s ]
NOTIC: [2] Missing argument 1 for Think\Controller::show(), called in D:\WWW\TTT\MovieSite\User\Controller\LoginController.class.php on line 11 and defined D:\WWW\TTT\ThinkPHP\Library\Think\Controller.class.php 第 68 行.
NOTIC: [8] Undefined variable: content D:\WWW\TTT\ThinkPHP\Library\Think\Controller.class.php 第 69 行.
INFO: [ view_parse ] --START--
INFO: [ template_filter ] --START--
INFO: Run Behavior\ContentReplaceBehavior [ RunTime:0.000093s ]
INFO: [ template_filter ] --END-- [ RunTime:0.000252s ]
INFO: Run Behavior\ParseTemplateBehavior [ RunTime:0.026968s ]
INFO: [ view_parse ] --END-- [ RunTime:0.027152s ]
INFO: [ view_filter ] --START--
INFO: Run Behavior\WriteHtmlCacheBehavior [ RunTime:0.000989s ]
INFO: [ view_filter ] --END-- [ RunTime:0.001133s ]
INFO: [ app_end ] --START--
INFO: Run Behavior\ShowPageTraceBehavior [ RunTime:0.001126s ]
INFO: [ app_end ] --END-- [ RunTime:0.001263s ]

[ 2017-05-27T18:38:17+08:00 ] 10.8.145.150 /TTT/index.php/User/Login/login
INFO: [ app_init ] --START--
INFO: Run Behavior\BuildLiteBehavior [ RunTime:0.000032s ]
INFO: [ app_init ] --END-- [ RunTime:0.000602s ]
INFO: [ app_begin ] --START--
INFO: Run Behavior\ReadHtmlCacheBehavior [ RunTime:0.001253s ]
INFO: [ app_begin ] --END-- [ RunTime:0.001415s ]
SQL: SHOW COLUMNS FROM `t_mail` [ RunTime:0.0009s ]
SQL: SHOW COLUMNS FROM `t_user` [ RunTime:0.0007s ]
SQL: SELECT `uid` FROM `t_mail` WHERE `umail` = 'imryss@qq.com' LIMIT 1   [ RunTime:0.0003s ]
SQL: SELECT `uid` FROM `t_user` WHERE `umail_id` = 1 LIMIT 1   [ RunTime:0.0002s ]
SQL: SELECT `password` FROM `t_user` WHERE `uid` = 1 LIMIT 1   [ RunTime:0.0005s ]
SQL: UPDATE `t_user` SET `session_key`='7606ce6c737aa12ea9ba1320c8ffd483' WHERE `uid` = 1 [ RunTime:0.0004s ]

[ 2017-05-27T18:38:19+08:00 ] 10.8.145.150 /TTT/index.php/User/Login/logout
INFO: [ app_init ] --START--
INFO: Run Behavior\BuildLiteBehavior [ RunTime:0.000046s ]
INFO: [ app_init ] --END-- [ RunTime:0.000856s ]
INFO: [ app_begin ] --START--
INFO: Run Behavior\ReadHtmlCacheBehavior [ RunTime:0.001456s ]
INFO: [ app_begin ] --END-- [ RunTime:0.001643s ]

[ 2017-05-27T18:38:19+08:00 ] 10.8.145.150 /TTT/index.php/User/Login/index.html
INFO: [ app_init ] --START--
INFO: Run Behavior\BuildLiteBehavior [ RunTime:0.000047s ]
INFO: [ app_init ] --END-- [ RunTime:0.000762s ]
INFO: [ app_begin ] --START--
INFO: Run Behavior\ReadHtmlCacheBehavior [ RunTime:0.001602s ]
INFO: [ app_begin ] --END-- [ RunTime:0.001783s ]
NOTIC: [2] Missing argument 1 for Think\Controller::show(), called in D:\WWW\TTT\MovieSite\User\Controller\LoginController.class.php on line 11 and defined D:\WWW\TTT\ThinkPHP\Library\Think\Controller.class.php 第 68 行.
NOTIC: [8] Undefined variable: content D:\WWW\TTT\ThinkPHP\Library\Think\Controller.class.php 第 69 行.
INFO: [ view_parse ] --START--
INFO: [ template_filter ] --START--
INFO: Run Behavior\ContentReplaceBehavior [ RunTime:0.000158s ]
INFO: [ template_filter ] --END-- [ RunTime:0.000429s ]
INFO: Run Behavior\ParseTemplateBehavior [ RunTime:0.014598s ]
INFO: [ view_parse ] --END-- [ RunTime:0.014842s ]
INFO: [ view_filter ] --START--
INFO: Run Behavior\WriteHtmlCacheBehavior [ RunTime:0.001337s ]
INFO: [ view_filter ] --END-- [ RunTime:0.001545s ]
INFO: [ app_end ] --START--
INFO: Run Behavior\ShowPageTraceBehavior [ RunTime:0.001539s ]
INFO: [ app_end ] --END-- [ RunTime:0.001753s ]

[ 2017-05-27T18:38:20+08:00 ] 10.8.145.150 /TTT/index.php/User/Login/login
INFO: [ app_init ] --START--
INFO: Run Behavior\BuildLiteBehavior [ RunTime:0.000027s ]
INFO: [ app_init ] --END-- [ RunTime:0.000453s ]
INFO: [ app_begin ] --START--
INFO: Run Behavior\ReadHtmlCacheBehavior [ RunTime:0.001018s ]
INFO: [ app_begin ] --END-- [ RunTime:0.001139s ]
SQL: SHOW COLUMNS FROM `t_mail` [ RunTime:0.0009s ]
SQL: SHOW COLUMNS FROM `t_user` [ RunTime:0.0007s ]
SQL: SELECT `uid` FROM `t_mail` WHERE `umail` = 'imryss@qq.com' LIMIT 1   [ RunTime:0.0003s ]
SQL: SELECT `uid` FROM `t_user` WHERE `umail_id` = 1 LIMIT 1   [ RunTime:0.0002s ]
SQL: SELECT `password` FROM `t_user` WHERE `uid` = 1 LIMIT 1   [ RunTime:0.0002s ]
SQL: UPDATE `t_user` SET `session_key`='09406451c5af6d43fcedc44b43d6f820' WHERE `uid` = 1 [ RunTime:0.0003s ]

[ 2017-05-27T18:38:28+08:00 ] 10.8.145.150 /TTT/index.php/User/Login/logout
INFO: [ app_init ] --START--
INFO: Run Behavior\BuildLiteBehavior [ RunTime:0.000026s ]
INFO: [ app_init ] --END-- [ RunTime:0.000486s ]
INFO: [ app_begin ] --START--
INFO: Run Behavior\ReadHtmlCacheBehavior [ RunTime:0.000961s ]
INFO: [ app_begin ] --END-- [ RunTime:0.001068s ]

[ 2017-05-27T18:38:28+08:00 ] 10.8.145.150 /TTT/index.php/User/Login/index.html
INFO: [ app_init ] --START--
INFO: Run Behavior\BuildLiteBehavior [ RunTime:0.000032s ]
INFO: [ app_init ] --END-- [ RunTime:0.000455s ]
INFO: [ app_begin ] --START--
INFO: Run Behavior\ReadHtmlCacheBehavior [ RunTime:0.001006s ]
INFO: [ app_begin ] --END-- [ RunTime:0.001135s ]
NOTIC: [2] Missing argument 1 for Think\Controller::show(), called in D:\WWW\TTT\MovieSite\User\Controller\LoginController.class.php on line 11 and defined D:\WWW\TTT\ThinkPHP\Library\Think\Controller.class.php 第 68 行.
NOTIC: [8] Undefined variable: content D:\WWW\TTT\ThinkPHP\Library\Think\Controller.class.php 第 69 行.
INFO: [ view_parse ] --START--
INFO: [ template_filter ] --START--
INFO: Run Behavior\ContentReplaceBehavior [ RunTime:0.000091s ]
INFO: [ template_filter ] --END-- [ RunTime:0.000233s ]
INFO: Run Behavior\ParseTemplateBehavior [ RunTime:0.009138s ]
INFO: [ view_parse ] --END-- [ RunTime:0.009278s ]
INFO: [ view_filter ] --START--
INFO: Run Behavior\WriteHtmlCacheBehavior [ RunTime:0.000851s ]
INFO: [ view_filter ] --END-- [ RunTime:0.000981s ]
INFO: [ app_end ] --START--
INFO: Run Behavior\ShowPageTraceBehavior [ RunTime:0.000964s ]
INFO: [ app_end ] --END-- [ RunTime:0.001090s ]

[ 2017-05-27T18:38:35+08:00 ] 10.8.145.150 /TTT/index.php/User/Login/login
INFO: [ app_init ] --START--
INFO: Run Behavior\BuildLiteBehavior [ RunTime:0.000054s ]
INFO: [ app_init ] --END-- [ RunTime:0.000600s ]
INFO: [ app_begin ] --START--
INFO: Run Behavior\ReadHtmlCacheBehavior [ RunTime:0.001002s ]
INFO: [ app_begin ] --END-- [ RunTime:0.001113s ]
SQL: SHOW COLUMNS FROM `t_mail` [ RunTime:0.0008s ]
SQL: SHOW COLUMNS FROM `t_user` [ RunTime:0.0006s ]
SQL: SELECT `uid` FROM `t_mail` WHERE `umail` = 'imryss@qq.com' LIMIT 1   [ RunTime:0.0003s ]
SQL: SELECT `uid` FROM `t_user` WHERE `umail_id` = 1 LIMIT 1   [ RunTime:0.0003s ]
SQL: SELECT `password` FROM `t_user` WHERE `uid` = 1 LIMIT 1   [ RunTime:0.0003s ]
SQL: UPDATE `t_user` SET `session_key`='3d4606aca05f3e4256ca24d861b4c8b1' WHERE `uid` = 1 [ RunTime:0.0003s ]

[ 2017-05-27T18:39:07+08:00 ] 10.8.155.172 /TTT/index.php/User/Reg.html
INFO: [ app_init ] --START--
INFO: Run Behavior\BuildLiteBehavior [ RunTime:0.000041s ]
INFO: [ app_init ] --END-- [ RunTime:0.000617s ]
INFO: [ app_begin ] --START--
INFO: Run Behavior\ReadHtmlCacheBehavior [ RunTime:0.000952s ]
INFO: [ app_begin ] --END-- [ RunTime:0.001081s ]
NOTIC: [2] Missing argument 1 for Think\Controller::show(), called in D:\WWW\TTT\MovieSite\User\Controller\RegController.class.php on line 11 and defined D:\WWW\TTT\ThinkPHP\Library\Think\Controller.class.php 第 68 行.
NOTIC: [8] Undefined variable: content D:\WWW\TTT\ThinkPHP\Library\Think\Controller.class.php 第 69 行.
INFO: [ view_parse ] --START--
INFO: [ template_filter ] --START--
INFO: Run Behavior\ContentReplaceBehavior [ RunTime:0.000078s ]
INFO: [ template_filter ] --END-- [ RunTime:0.000201s ]
INFO: Run Behavior\ParseTemplateBehavior [ RunTime:0.019749s ]
INFO: [ view_parse ] --END-- [ RunTime:0.019889s ]
INFO: [ view_filter ] --START--
INFO: Run Behavior\WriteHtmlCacheBehavior [ RunTime:0.000790s ]
INFO: [ view_filter ] --END-- [ RunTime:0.000907s ]
INFO: [ app_end ] --START--
INFO: Run Behavior\ShowPageTraceBehavior [ RunTime:0.000963s ]
INFO: [ app_end ] --END-- [ RunTime:0.001083s ]

[ 2017-05-27T18:39:24+08:00 ] 10.8.155.172 /TTT/index.php/User/Login/login
INFO: [ app_init ] --START--
INFO: Run Behavior\BuildLiteBehavior [ RunTime:0.000027s ]
INFO: [ app_init ] --END-- [ RunTime:0.000505s ]
INFO: [ app_begin ] --START--
INFO: Run Behavior\ReadHtmlCacheBehavior [ RunTime:0.000913s ]
INFO: [ app_begin ] --END-- [ RunTime:0.001020s ]
SQL: SHOW COLUMNS FROM `t_mail` [ RunTime:0.0010s ]
SQL: SHOW COLUMNS FROM `t_user` [ RunTime:0.0006s ]
SQL: SELECT `uid` FROM `t_mail` WHERE `umail` = '1141949959@qq.com' LIMIT 1   [ RunTime:0.0003s ]
SQL: SELECT `uid` FROM `t_user` WHERE `umail_id` = 6 LIMIT 1   [ RunTime:0.0002s ]
SQL: SELECT `password` FROM `t_user` WHERE `uid` = 2 LIMIT 1   [ RunTime:0.0002s ]
SQL: UPDATE `t_user` SET `session_key`='809d98b8f046b0e39c0aa144e5ee4b14' WHERE `uid` = 2 [ RunTime:0.0003s ]

[ 2017-05-27T20:09:22+08:00 ] 10.8.135.117 /TTT/index.php/User/Reg.html
INFO: [ app_init ] --START--
INFO: Run Behavior\BuildLiteBehavior [ RunTime:0.000027s ]
INFO: [ app_init ] --END-- [ RunTime:0.000513s ]
INFO: [ app_begin ] --START--
INFO: Run Behavior\ReadHtmlCacheBehavior [ RunTime:0.000958s ]
INFO: [ app_begin ] --END-- [ RunTime:0.001084s ]
NOTIC: [2] Missing argument 1 for Think\Controller::show(), called in D:\WWW\TTT\MovieSite\User\Controller\RegController.class.php on line 11 and defined D:\WWW\TTT\ThinkPHP\Library\Think\Controller.class.php 第 68 行.
NOTIC: [8] Undefined variable: content D:\WWW\TTT\ThinkPHP\Library\Think\Controller.class.php 第 69 行.
INFO: [ view_parse ] --START--
INFO: [ template_filter ] --START--
INFO: Run Behavior\ContentReplaceBehavior [ RunTime:0.000082s ]
INFO: [ template_filter ] --END-- [ RunTime:0.000213s ]
INFO: Run Behavior\ParseTemplateBehavior [ RunTime:0.021558s ]
INFO: [ view_parse ] --END-- [ RunTime:0.021700s ]
INFO: [ view_filter ] --START--
INFO: Run Behavior\WriteHtmlCacheBehavior [ RunTime:0.000790s ]
INFO: [ view_filter ] --END-- [ RunTime:0.000906s ]
INFO: [ app_end ] --START--
INFO: Run Behavior\ShowPageTraceBehavior [ RunTime:0.000965s ]
INFO: [ app_end ] --END-- [ RunTime:0.001086s ]

[ 2017-05-27T20:09:24+08:00 ] 10.8.135.117 /TTT/index.php/User/Login/login
INFO: [ app_init ] --START--
INFO: Run Behavior\BuildLiteBehavior [ RunTime:0.000026s ]
INFO: [ app_init ] --END-- [ RunTime:0.000501s ]
INFO: [ app_begin ] --START--
INFO: Run Behavior\ReadHtmlCacheBehavior [ RunTime:0.001015s ]
INFO: [ app_begin ] --END-- [ RunTime:0.001147s ]
SQL: SHOW COLUMNS FROM `t_mail` [ RunTime:0.0007s ]
SQL: SHOW COLUMNS FROM `t_user` [ RunTime:0.0006s ]
SQL: SELECT `uid` FROM `t_mail` WHERE `umail` = '853297940@qq.com' LIMIT 1   [ RunTime:0.0003s ]
SQL: SELECT `uid` FROM `t_user` WHERE `umail_id` = 7 LIMIT 1   [ RunTime:0.0002s ]
SQL: SELECT `password` FROM `t_user` WHERE `uid` = 3 LIMIT 1   [ RunTime:0.0002s ]
SQL: UPDATE `t_user` SET `session_key`='bdf6d4a12c3ee6757b9a36000901be98' WHERE `uid` = 3 [ RunTime:0.0003s ]

